<?xml version="1.0" encoding="UTF-8"?>
<!-- Generated by org.testng.reporters.JUnitReportReporter -->
<testsuite hostname="LAPTOP-S19F7Q80" failures="0" tests="1" name="CartModule.CartTest" time="28.619" errors="0" timestamp="2023-03-01T12:36:57 IST" skipped="0">
  <testcase classname="CartModule.CartTest" name="DeleteItem" time="28.619"/>
  <system-out/>
</testsuite> <!-- CartModule.CartTest -->
