<?xml version="1.0" encoding="UTF-8"?>
<!-- Generated by org.testng.reporters.JUnitReportReporter -->
<testsuite hostname="LAPTOP-S19F7Q80" failures="0" tests="1" name="CartModule.CartTest" time="27.598" errors="0" timestamp="2023-03-10T01:49:51 IST" skipped="0">
  <testcase classname="CartModule.CartTest" name="DeleteAddedFirstItem" time="27.598"/>
  <system-out/>
</testsuite> <!-- CartModule.CartTest -->
